<?xml version="1.0" encoding="UTF-8"?>
<coverage generated="1524247769626" clover="3.2.0">
  <project timestamp="1524247769626" name="All files">
    <metrics statements="360" coveredstatements="360" conditionals="180" coveredconditionals="178" methods="138" coveredmethods="126" elements="678" coveredelements="664" complexity="0" loc="360" ncloc="360" packages="19" files="28" classes="28">
      <package name="src">
        <metrics statements="4" coveredstatements="4" conditionals="0" coveredconditionals="0" methods="1" coveredmethods="1"/>
        <file name="setupTest.js" path="/home/travis/build/edx/paragon/src/setupTest.js">
          <metrics statements="1" coveredstatements="1" conditionals="0" coveredconditionals="0" methods="0" coveredmethods="0"/>
          <line num="9" count="17" type="stmt"/>
        </file>
        <file name="tempPolyfills.js" path="/home/travis/build/edx/paragon/src/tempPolyfills.js">
          <metrics statements="3" coveredstatements="3" conditionals="0" coveredconditionals="0" methods="1" coveredmethods="1"/>
          <line num="1" count="17" type="stmt"/>
          <line num="2" count="1" type="stmt"/>
          <line num="5" count="17" type="stmt"/>
        </file>
      </package>
      <package name="src.Button">
        <metrics statements="16" coveredstatements="16" conditionals="0" coveredconditionals="0" methods="8" coveredmethods="7"/>
        <file name="README.md" path="/home/travis/build/edx/paragon/src/Button/README.md">
          <metrics statements="1" coveredstatements="1" conditionals="0" coveredconditionals="0" methods="0" coveredmethods="0"/>
          <line num="1" count="1" type="stmt"/>
        </file>
        <file name="index.jsx" path="/home/travis/build/edx/paragon/src/Button/index.jsx">
          <metrics statements="15" coveredstatements="15" conditionals="0" coveredconditionals="0" methods="8" coveredmethods="7"/>
          <line num="9" count="122" type="stmt"/>
          <line num="14" count="122" type="stmt"/>
          <line num="16" count="122" type="stmt"/>
          <line num="17" count="122" type="stmt"/>
          <line num="18" count="122" type="stmt"/>
          <line num="19" count="122" type="stmt"/>
          <line num="30" count="34" type="stmt"/>
          <line num="31" count="34" type="stmt"/>
          <line num="43" count="161" type="stmt"/>
          <line num="44" count="161" type="stmt"/>
          <line num="60" count="203" type="stmt"/>
          <line num="62" count="203" type="stmt"/>
          <line num="86" count="6" type="stmt"/>
          <line num="98" count="6" type="stmt"/>
          <line num="100" count="6" type="stmt"/>
        </file>
      </package>
      <package name="src.CheckBox">
        <metrics statements="13" coveredstatements="13" conditionals="4" coveredconditionals="4" methods="5" coveredmethods="4"/>
        <file name="README.md" path="/home/travis/build/edx/paragon/src/CheckBox/README.md">
          <metrics statements="1" coveredstatements="1" conditionals="0" coveredconditionals="0" methods="0" coveredmethods="0"/>
          <line num="1" count="1" type="stmt"/>
        </file>
        <file name="index.jsx" path="/home/travis/build/edx/paragon/src/CheckBox/index.jsx">
          <metrics statements="12" coveredstatements="12" conditionals="4" coveredconditionals="4" methods="5" coveredmethods="4"/>
          <line num="8" count="17" type="stmt"/>
          <line num="10" count="17" type="stmt"/>
          <line num="12" count="17" type="stmt"/>
          <line num="18" count="7" type="cond" truecount="2" falsecount="0"/>
          <line num="19" count="1" type="stmt"/>
          <line num="26" count="6" type="stmt"/>
          <line num="29" count="6" type="stmt"/>
          <line num="33" count="24" type="stmt"/>
          <line num="35" count="24" type="stmt"/>
          <line num="50" count="3" type="stmt"/>
          <line num="55" count="3" type="stmt"/>
          <line num="60" count="3" type="stmt"/>
        </file>
      </package>
      <package name="src.CheckBoxGroup">
        <metrics statements="2" coveredstatements="2" conditionals="0" coveredconditionals="0" methods="1" coveredmethods="1"/>
        <file name="index.jsx" path="/home/travis/build/edx/paragon/src/CheckBoxGroup/index.jsx">
          <metrics statements="2" coveredstatements="2" conditionals="0" coveredconditionals="0" methods="1" coveredmethods="1"/>
          <line num="9" count="2" type="stmt"/>
          <line num="16" count="2" type="stmt"/>
        </file>
      </package>
      <package name="src.CssJail">
        <metrics statements="2" coveredstatements="2" conditionals="0" coveredconditionals="0" methods="1" coveredmethods="1"/>
        <file name="index.jsx" path="/home/travis/build/edx/paragon/src/CssJail/index.jsx">
          <metrics statements="2" coveredstatements="2" conditionals="0" coveredconditionals="0" methods="1" coveredmethods="1"/>
          <line num="7" count="1" type="stmt"/>
          <line num="17" count="1" type="stmt"/>
        </file>
      </package>
      <package name="src.Dropdown">
        <metrics statements="45" coveredstatements="45" conditionals="25" coveredconditionals="24" methods="16" coveredmethods="16"/>
        <file name="README.md" path="/home/travis/build/edx/paragon/src/Dropdown/README.md">
          <metrics statements="1" coveredstatements="1" conditionals="0" coveredconditionals="0" methods="0" coveredmethods="0"/>
          <line num="1" count="1" type="stmt"/>
        </file>
        <file name="index.jsx" path="/home/travis/build/edx/paragon/src/Dropdown/index.jsx">
          <metrics statements="44" coveredstatements="44" conditionals="25" coveredconditionals="24" methods="16" coveredmethods="16"/>
          <line num="8" count="2" type="stmt"/>
          <line num="17" count="24" type="stmt"/>
          <line num="21" count="19" type="stmt"/>
          <line num="23" count="19" type="stmt"/>
          <line num="24" count="19" type="stmt"/>
          <line num="25" count="19" type="stmt"/>
          <line num="26" count="19" type="stmt"/>
          <line num="27" count="19" type="stmt"/>
          <line num="28" count="19" type="stmt"/>
          <line num="30" count="19" type="stmt"/>
          <line num="31" count="19" type="stmt"/>
          <line num="38" count="34" type="cond" truecount="2" falsecount="0"/>
          <line num="39" count="23" type="stmt"/>
          <line num="41" count="11" type="stmt"/>
          <line num="46" count="34" type="cond" truecount="2" falsecount="0"/>
          <line num="47" count="23" type="stmt"/>
          <line num="48" count="11" type="cond" truecount="1" falsecount="1"/>
          <line num="49" count="11" type="stmt"/>
          <line num="54" count="23" type="stmt"/>
          <line num="58" count="11" type="stmt"/>
          <line num="62" count="5" type="cond" truecount="5" falsecount="0"/>
          <line num="63" count="1" type="stmt"/>
          <line num="65" count="4" type="stmt"/>
          <line num="69" count="10" type="stmt"/>
          <line num="70" count="10" type="cond" truecount="2" falsecount="0"/>
          <line num="71" count="2" type="stmt"/>
          <line num="72" count="8" type="cond" truecount="2" falsecount="0"/>
          <line num="73" count="6" type="stmt"/>
          <line num="76" count="2" type="cond" truecount="2" falsecount="0"/>
          <line num="77" count="1" type="stmt"/>
          <line num="85" count="4" type="cond" truecount="4" falsecount="0"/>
          <line num="86" count="2" type="stmt"/>
          <line num="87" count="2" type="cond" truecount="4" falsecount="0"/>
          <line num="88" count="1" type="stmt"/>
          <line num="93" count="24" type="stmt"/>
          <line num="100" count="53" type="stmt"/>
          <line num="101" count="159" type="stmt"/>
          <line num="107" count="261" type="stmt"/>
          <line num="117" count="53" type="stmt"/>
          <line num="118" count="53" type="stmt"/>
          <line num="124" count="87" type="stmt"/>
          <line num="137" count="19" type="stmt"/>
          <line num="155" count="2" type="stmt"/>
          <line num="164" count="2" type="stmt"/>
        </file>
      </package>
      <package name="src.Hyperlink">
        <metrics statements="9" coveredstatements="9" conditionals="2" coveredconditionals="2" methods="4" coveredmethods="3"/>
        <file name="README.md" path="/home/travis/build/edx/paragon/src/Hyperlink/README.md">
          <metrics statements="1" coveredstatements="1" conditionals="0" coveredconditionals="0" methods="0" coveredmethods="0"/>
          <line num="1" count="1" type="stmt"/>
        </file>
        <file name="index.jsx" path="/home/travis/build/edx/paragon/src/Hyperlink/index.jsx">
          <metrics statements="8" coveredstatements="8" conditionals="2" coveredconditionals="2" methods="4" coveredmethods="3"/>
          <line num="16" count="16" type="stmt"/>
          <line num="20" count="16" type="cond" truecount="2" falsecount="0"/>
          <line num="21" count="5" type="stmt"/>
          <line num="34" count="16" type="stmt"/>
          <line num="45" count="3" type="stmt"/>
          <line num="52" count="3" type="stmt"/>
          <line num="57" count="9" type="stmt"/>
          <line num="58" count="9" type="stmt"/>
        </file>
      </package>
      <package name="src.Icon">
        <metrics statements="4" coveredstatements="4" conditionals="4" coveredconditionals="4" methods="1" coveredmethods="1"/>
        <file name="README.md" path="/home/travis/build/edx/paragon/src/Icon/README.md">
          <metrics statements="1" coveredstatements="1" conditionals="0" coveredconditionals="0" methods="0" coveredmethods="0"/>
          <line num="1" count="1" type="stmt"/>
        </file>
        <file name="index.jsx" path="/home/travis/build/edx/paragon/src/Icon/index.jsx">
          <metrics statements="3" coveredstatements="3" conditionals="4" coveredconditionals="4" methods="1" coveredmethods="1"/>
          <line num="9" count="45" type="stmt"/>
          <line num="25" count="3" type="stmt"/>
          <line num="32" count="3" type="stmt"/>
        </file>
      </package>
      <package name="src.InputSelect">
        <metrics statements="17" coveredstatements="17" conditionals="4" coveredconditionals="4" methods="5" coveredmethods="5"/>
        <file name="index.jsx" path="/home/travis/build/edx/paragon/src/InputSelect/index.jsx">
          <metrics statements="17" coveredstatements="17" conditionals="4" coveredconditionals="4" methods="5" coveredmethods="5"/>
          <line num="9" count="35" type="stmt"/>
          <line num="11" count="35" type="cond" truecount="2" falsecount="0"/>
          <line num="12" count="15" type="stmt"/>
          <line num="13" count="15" type="stmt"/>
          <line num="16" count="35" type="stmt"/>
          <line num="22" count="5" type="stmt"/>
          <line num="24" count="23" type="cond" truecount="2" falsecount="0"/>
          <line num="25" count="14" type="stmt"/>
          <line num="26" count="2" type="stmt"/>
          <line num="32" count="21" type="stmt"/>
          <line num="34" count="23" type="stmt"/>
          <line num="39" count="5" type="stmt"/>
          <line num="40" count="5" type="stmt"/>
          <line num="42" count="5" type="stmt"/>
          <line num="61" count="1" type="stmt"/>
          <line num="69" count="1" type="stmt"/>
          <line num="71" count="1" type="stmt"/>
        </file>
      </package>
      <package name="src.InputText">
        <metrics statements="6" coveredstatements="6" conditionals="2" coveredconditionals="2" methods="2" coveredmethods="2"/>
        <file name="index.jsx" path="/home/travis/build/edx/paragon/src/InputText/index.jsx">
          <metrics statements="6" coveredstatements="6" conditionals="2" coveredconditionals="2" methods="2" coveredmethods="2"/>
          <line num="9" count="30" type="stmt"/>
          <line num="30" count="2" type="stmt"/>
          <line num="38" count="2" type="stmt"/>
          <line num="46" count="2" type="stmt"/>
          <line num="47" count="2" type="stmt"/>
          <line num="49" count="2" type="stmt"/>
        </file>
      </package>
      <package name="src.MailtoLink">
        <metrics statements="11" coveredstatements="11" conditionals="0" coveredconditionals="0" methods="3" coveredmethods="3"/>
        <file name="README.md" path="/home/travis/build/edx/paragon/src/MailtoLink/README.md">
          <metrics statements="1" coveredstatements="1" conditionals="0" coveredconditionals="0" methods="0" coveredmethods="0"/>
          <line num="1" count="1" type="stmt"/>
        </file>
        <file name="index.jsx" path="/home/travis/build/edx/paragon/src/MailtoLink/index.jsx">
          <metrics statements="10" coveredstatements="10" conditionals="0" coveredconditionals="0" methods="3" coveredmethods="3"/>
          <line num="9" count="2" type="stmt"/>
          <line num="21" count="9" type="stmt"/>
          <line num="23" count="9" type="stmt"/>
          <line num="24" count="9" type="stmt"/>
          <line num="25" count="9" type="stmt"/>
          <line num="29" count="9" type="stmt"/>
          <line num="40" count="2" type="stmt"/>
          <line num="54" count="2" type="stmt"/>
          <line num="64" count="9" type="stmt"/>
          <line num="65" count="9" type="stmt"/>
        </file>
      </package>
      <package name="src.Modal">
        <metrics statements="54" coveredstatements="54" conditionals="32" coveredconditionals="31" methods="14" coveredmethods="14"/>
        <file name="index.jsx" path="/home/travis/build/edx/paragon/src/Modal/index.jsx">
          <metrics statements="54" coveredstatements="54" conditionals="32" coveredconditionals="31" methods="14" coveredmethods="14"/>
          <line num="14" count="28" type="stmt"/>
          <line num="16" count="28" type="stmt"/>
          <line num="17" count="28" type="stmt"/>
          <line num="18" count="28" type="stmt"/>
          <line num="19" count="28" type="stmt"/>
          <line num="21" count="28" type="stmt"/>
          <line num="23" count="28" type="stmt"/>
          <line num="29" count="28" type="cond" truecount="2" falsecount="0"/>
          <line num="30" count="19" type="stmt"/>
          <line num="35" count="5" type="cond" truecount="2" falsecount="0"/>
          <line num="36" count="4" type="stmt"/>
          <line num="41" count="10" type="cond" truecount="4" falsecount="0"/>
          <line num="42" count="2" type="stmt"/>
          <line num="47" count="37" type="stmt"/>
          <line num="51" count="37" type="stmt"/>
          <line num="55" count="3" type="stmt"/>
          <line num="58" count="3" type="cond" truecount="2" falsecount="0"/>
          <line num="60" count="2" type="stmt"/>
          <line num="66" count="2" type="stmt"/>
          <line num="68" count="1" type="stmt"/>
          <line num="71" count="3" type="stmt"/>
          <line num="75" count="3" type="stmt"/>
          <line num="77" count="3" type="stmt"/>
          <line num="99" count="5" type="stmt"/>
          <line num="100" count="5" type="stmt"/>
          <line num="104" count="5" type="cond" truecount="2" falsecount="0"/>
          <line num="105" count="1" type="stmt"/>
          <line num="106" count="4" type="cond" truecount="2" falsecount="0"/>
          <line num="107" count="3" type="cond" truecount="2" falsecount="0"/>
          <line num="108" count="1" type="cond" truecount="1" falsecount="1"/>
          <line num="109" count="1" type="stmt"/>
          <line num="110" count="1" type="stmt"/>
          <line num="112" count="2" type="cond" truecount="2" falsecount="0"/>
          <line num="113" count="1" type="stmt"/>
          <line num="114" count="1" type="stmt"/>
          <line num="120" count="38" type="stmt"/>
          <line num="121" count="9" type="stmt"/>
          <line num="122" count="9" type="stmt"/>
          <line num="124" count="9" type="cond" truecount="2" falsecount="0"/>
          <line num="125" count="2" type="stmt"/>
          <line num="128" count="9" type="stmt"/>
          <line num="134" count="9" type="stmt"/>
          <line num="139" count="38" type="stmt"/>
          <line num="140" count="38" type="stmt"/>
          <line num="142" count="38" type="cond" truecount="2" falsecount="0"/>
          <line num="143" count="36" type="stmt"/>
          <line num="146" count="38" type="cond" truecount="2" falsecount="0"/>
          <line num="147" count="3" type="stmt"/>
          <line num="150" count="38" type="stmt"/>
          <line num="154" count="38" type="stmt"/>
          <line num="155" count="38" type="stmt"/>
          <line num="157" count="38" type="stmt"/>
          <line num="209" count="2" type="stmt"/>
          <line num="225" count="2" type="stmt"/>
        </file>
      </package>
      <package name="src.RadioButtonGroup">
        <metrics statements="25" coveredstatements="25" conditionals="4" coveredconditionals="4" methods="16" coveredmethods="7"/>
        <file name="README.md" path="/home/travis/build/edx/paragon/src/RadioButtonGroup/README.md">
          <metrics statements="1" coveredstatements="1" conditionals="0" coveredconditionals="0" methods="0" coveredmethods="0"/>
          <line num="1" count="1" type="stmt"/>
        </file>
        <file name="index.jsx" path="/home/travis/build/edx/paragon/src/RadioButtonGroup/index.jsx">
          <metrics statements="24" coveredstatements="24" conditionals="4" coveredconditionals="4" methods="16" coveredmethods="7"/>
          <line num="9" count="17" type="stmt"/>
          <line num="16" count="17" type="stmt"/>
          <line num="18" count="17" type="stmt"/>
          <line num="19" count="17" type="stmt"/>
          <line num="20" count="17" type="stmt"/>
          <line num="21" count="17" type="stmt"/>
          <line num="32" count="17" type="stmt"/>
          <line num="34" count="17" type="stmt"/>
          <line num="58" count="6" type="stmt"/>
          <line num="60" count="6" type="stmt"/>
          <line num="61" count="6" type="stmt"/>
          <line num="63" count="6" type="stmt"/>
          <line num="69" count="3" type="cond" truecount="4" falsecount="0"/>
          <line num="70" count="1" type="stmt"/>
          <line num="75" count="3" type="stmt"/>
          <line num="87" count="7" type="stmt"/>
          <line num="89" count="7" type="stmt"/>
          <line num="90" count="16" type="stmt"/>
          <line num="114" count="7" type="stmt"/>
          <line num="116" count="7" type="stmt"/>
          <line num="131" count="2" type="stmt"/>
          <line num="142" count="2" type="stmt"/>
          <line num="162" count="2" type="stmt"/>
          <line num="171" count="2" type="stmt"/>
        </file>
      </package>
      <package name="src.StatusAlert">
        <metrics statements="27" coveredstatements="27" conditionals="15" coveredconditionals="15" methods="12" coveredmethods="12"/>
        <file name="index.jsx" path="/home/travis/build/edx/paragon/src/StatusAlert/index.jsx">
          <metrics statements="27" coveredstatements="27" conditionals="15" coveredconditionals="15" methods="12" coveredmethods="12"/>
          <line num="11" count="22" type="stmt"/>
          <line num="13" count="22" type="stmt"/>
          <line num="14" count="22" type="stmt"/>
          <line num="15" count="22" type="stmt"/>
          <line num="17" count="22" type="stmt"/>
          <line num="23" count="22" type="cond" truecount="2" falsecount="0"/>
          <line num="24" count="12" type="stmt"/>
          <line num="29" count="2" type="cond" truecount="2" falsecount="0"/>
          <line num="30" count="1" type="stmt"/>
          <line num="35" count="6" type="cond" truecount="5" falsecount="0"/>
          <line num="36" count="1" type="stmt"/>
          <line num="41" count="1" type="stmt"/>
          <line num="45" count="4" type="stmt"/>
          <line num="46" count="4" type="stmt"/>
          <line num="50" count="4" type="cond" truecount="4" falsecount="0"/>
          <line num="51" count="2" type="stmt"/>
          <line num="52" count="2" type="stmt"/>
          <line num="57" count="28" type="stmt"/>
          <line num="59" count="28" type="stmt"/>
          <line num="67" count="28" type="stmt"/>
          <line num="69" count="28" type="cond" truecount="2" falsecount="0"/>
          <line num="72" count="28" type="stmt"/>
          <line num="82" count="28" type="stmt"/>
          <line num="84" count="28" type="stmt"/>
          <line num="107" count="2" type="stmt"/>
          <line num="114" count="38" type="stmt"/>
          <line num="118" count="2" type="stmt"/>
        </file>
      </package>
      <package name="src.Table">
        <metrics statements="39" coveredstatements="39" conditionals="26" coveredconditionals="26" methods="23" coveredmethods="23"/>
        <file name="index.jsx" path="/home/travis/build/edx/paragon/src/Table/index.jsx">
          <metrics statements="39" coveredstatements="39" conditionals="26" coveredconditionals="26" methods="23" coveredmethods="23"/>
          <line num="12" count="16" type="stmt"/>
          <line num="14" count="16" type="stmt"/>
          <line num="19" count="16" type="stmt"/>
          <line num="23" count="10" type="stmt"/>
          <line num="25" count="10" type="cond" truecount="2" falsecount="0"/>
          <line num="26" count="6" type="cond" truecount="2" falsecount="0"/>
          <line num="29" count="10" type="stmt"/>
          <line num="34" count="14" type="stmt"/>
          <line num="35" count="10" type="stmt"/>
          <line num="39" count="26" type="cond" truecount="2" falsecount="0"/>
          <line num="47" count="33" type="cond" truecount="2" falsecount="0"/>
          <line num="48" count="17" type="stmt"/>
          <line num="50" count="16" type="stmt"/>
          <line num="53" count="33" type="stmt"/>
          <line num="57" count="66" type="stmt"/>
          <line num="59" count="33" type="stmt"/>
          <line num="67" count="98" type="cond" truecount="4" falsecount="0"/>
          <line num="68" count="33" type="stmt"/>
          <line num="80" count="10" type="stmt"/>
          <line num="82" count="65" type="cond" truecount="2" falsecount="0"/>
          <line num="83" count="23" type="stmt"/>
          <line num="85" count="42" type="stmt"/>
          <line num="88" count="98" type="stmt"/>
          <line num="92" count="26" type="stmt"/>
          <line num="95" count="1" type="stmt"/>
          <line num="101" count="98" type="stmt"/>
          <line num="118" count="26" type="stmt"/>
          <line num="121" count="96" type="stmt"/>
          <line num="123" count="348" type="stmt"/>
          <line num="137" count="26" type="stmt"/>
          <line num="140" count="2" type="stmt"/>
          <line num="151" count="2" type="stmt"/>
          <line num="164" count="82" type="stmt"/>
          <line num="165" count="82" type="stmt"/>
          <line num="167" count="82" type="stmt"/>
          <line num="173" count="22" type="stmt"/>
          <line num="175" count="22" type="stmt"/>
          <line num="182" count="22" type="stmt"/>
          <line num="186" count="2" type="stmt"/>
        </file>
      </package>
      <package name="src.Tabs">
        <metrics statements="20" coveredstatements="20" conditionals="4" coveredconditionals="4" methods="10" coveredmethods="10"/>
        <file name="index.jsx" path="/home/travis/build/edx/paragon/src/Tabs/index.jsx">
          <metrics statements="20" coveredstatements="20" conditionals="4" coveredconditionals="4" methods="10" coveredmethods="10"/>
          <line num="15" count="3" type="stmt"/>
          <line num="17" count="3" type="stmt"/>
          <line num="18" count="3" type="stmt"/>
          <line num="25" count="3" type="cond" truecount="2" falsecount="0"/>
          <line num="26" count="2" type="stmt"/>
          <line num="33" count="30" type="stmt"/>
          <line num="37" count="30" type="stmt"/>
          <line num="41" count="5" type="stmt"/>
          <line num="42" count="15" type="stmt"/>
          <line num="43" count="15" type="stmt"/>
          <line num="45" count="15" type="stmt"/>
          <line num="58" count="3" type="stmt"/>
          <line num="70" count="5" type="stmt"/>
          <line num="71" count="15" type="stmt"/>
          <line num="72" count="15" type="stmt"/>
          <line num="74" count="15" type="stmt"/>
          <line num="93" count="5" type="stmt"/>
          <line num="94" count="5" type="stmt"/>
          <line num="96" count="5" type="stmt"/>
          <line num="116" count="2" type="stmt"/>
        </file>
      </package>
      <package name="src.TextArea">
        <metrics statements="3" coveredstatements="3" conditionals="0" coveredconditionals="0" methods="1" coveredmethods="1"/>
        <file name="index.jsx" path="/home/travis/build/edx/paragon/src/TextArea/index.jsx">
          <metrics statements="3" coveredstatements="3" conditionals="0" coveredconditionals="0" methods="1" coveredmethods="1"/>
          <line num="7" count="4" type="stmt"/>
          <line num="26" count="1" type="stmt"/>
          <line num="28" count="1" type="stmt"/>
        </file>
      </package>
      <package name="src.asInput">
        <metrics statements="58" coveredstatements="58" conditionals="57" coveredconditionals="57" methods="14" coveredmethods="14"/>
        <file name="index.jsx" path="/home/travis/build/edx/paragon/src/asInput/index.jsx">
          <metrics statements="58" coveredstatements="58" conditionals="57" coveredconditionals="57" methods="14" coveredmethods="14"/>
          <line num="10" count="5" type="stmt"/>
          <line num="11" count="11" type="cond" truecount="3" falsecount="0"/>
          <line num="13" count="5" type="stmt"/>
          <line num="37" count="5" type="stmt"/>
          <line num="56" count="5" type="cond" truecount="2" falsecount="0"/>
          <line num="59" count="79" type="stmt"/>
          <line num="60" count="79" type="stmt"/>
          <line num="61" count="79" type="stmt"/>
          <line num="62" count="79" type="stmt"/>
          <line num="64" count="79" type="cond" truecount="2" falsecount="0"/>
          <line num="65" count="79" type="cond" truecount="2" falsecount="0"/>
          <line num="66" count="79" type="cond" truecount="2" falsecount="0"/>
          <line num="67" count="79" type="cond" truecount="2" falsecount="0"/>
          <line num="68" count="79" type="stmt"/>
          <line num="81" count="13" type="stmt"/>
          <line num="82" count="13" type="cond" truecount="2" falsecount="0"/>
          <line num="83" count="1" type="stmt"/>
          <line num="85" count="13" type="cond" truecount="4" falsecount="0"/>
          <line num="86" count="2" type="stmt"/>
          <line num="88" count="13" type="cond" truecount="4" falsecount="0"/>
          <line num="89" count="2" type="stmt"/>
          <line num="91" count="13" type="cond" truecount="4" falsecount="0"/>
          <line num="93" count="1" type="stmt"/>
          <line num="96" count="13" type="cond" truecount="4" falsecount="0"/>
          <line num="97" count="1" type="stmt"/>
          <line num="98" count="1" type="stmt"/>
          <line num="99" count="1" type="stmt"/>
          <line num="101" count="13" type="cond" truecount="2" falsecount="0"/>
          <line num="102" count="7" type="stmt"/>
          <line num="108" count="105" type="stmt"/>
          <line num="109" count="105" type="stmt"/>
          <line num="110" count="105" type="stmt"/>
          <line num="112" count="105" type="stmt"/>
          <line num="114" count="105" type="stmt"/>
          <line num="150" count="105" type="stmt"/>
          <line num="152" count="105" type="cond" truecount="2" falsecount="0"/>
          <line num="153" count="45" type="stmt"/>
          <line num="158" count="45" type="stmt"/>
          <line num="161" count="105" type="stmt"/>
          <line num="165" count="105" type="stmt"/>
          <line num="180" count="116" type="stmt"/>
          <line num="184" count="630" type="cond" truecount="2" falsecount="0"/>
          <line num="186" count="144" type="stmt"/>
          <line num="188" count="486" type="stmt"/>
          <line num="193" count="7" type="stmt"/>
          <line num="195" count="7" type="cond" truecount="2" falsecount="0"/>
          <line num="196" count="6" type="stmt"/>
          <line num="198" count="7" type="stmt"/>
          <line num="202" count="7" type="stmt"/>
          <line num="203" count="7" type="stmt"/>
          <line num="210" count="105" type="stmt"/>
          <line num="212" count="105" type="stmt"/>
          <line num="232" count="105" type="stmt"/>
          <line num="233" count="105" type="stmt"/>
          <line num="260" count="8" type="stmt"/>
          <line num="262" count="8" type="stmt"/>
          <line num="264" count="8" type="stmt"/>
          <line num="266" count="8" type="stmt"/>
        </file>
      </package>
      <package name="src.utils">
        <metrics statements="5" coveredstatements="5" conditionals="1" coveredconditionals="1" methods="1" coveredmethods="1"/>
        <file name="constants.js" path="/home/travis/build/edx/paragon/src/utils/constants.js">
          <metrics statements="1" coveredstatements="1" conditionals="0" coveredconditionals="0" methods="0" coveredmethods="0"/>
          <line num="1" count="2" type="stmt"/>
        </file>
        <file name="newId.js" path="/home/travis/build/edx/paragon/src/utils/newId.js">
          <metrics statements="4" coveredstatements="4" conditionals="1" coveredconditionals="1" methods="1" coveredmethods="1"/>
          <line num="1" count="9" type="stmt"/>
          <line num="3" count="9" type="cond" truecount="1" falsecount="0"/>
          <line num="4" count="47" type="stmt"/>
          <line num="5" count="47" type="stmt"/>
        </file>
      </package>
    </metrics>
  </project>
</coverage>
