TN:
SF:/home/travis/build/edx/paragon/src/setupTest.js
FNF:0
FNH:0
DA:9,17
LF:1
LH:1
BRF:0
BRH:0
end_of_record
TN:
SF:/home/travis/build/edx/paragon/src/tempPolyfills.js
FN:1,(anonymous_0)
FNF:1
FNH:1
FNDA:1,(anonymous_0)
DA:1,17
DA:2,1
DA:5,17
LF:3
LH:3
BRF:0
BRH:0
end_of_record
TN:
SF:/home/travis/build/edx/paragon/src/Button/README.md
FNF:0
FNH:0
DA:1,1
LF:1
LH:1
BRF:0
BRH:0
end_of_record
TN:
SF:/home/travis/build/edx/paragon/src/Button/index.jsx
FN:8,(anonymous_0)
FN:29,(anonymous_1)
FN:42,(anonymous_2)
FN:47,(anonymous_3)
FN:103,(anonymous_4)
FN:105,(anonymous_5)
FN:106,(anonymous_6)
FN:107,(anonymous_7)
FNF:8
FNH:7
FNDA:122,(anonymous_0)
FNDA:34,(anonymous_1)
FNDA:161,(anonymous_2)
FNDA:203,(anonymous_3)
FNDA:39,(anonymous_4)
FNDA:1,(anonymous_5)
FNDA:0,(anonymous_6)
FNDA:2,(anonymous_7)
DA:9,122
DA:14,122
DA:16,122
DA:17,122
DA:18,122
DA:19,122
DA:30,34
DA:31,34
DA:43,161
DA:44,161
DA:60,203
DA:62,203
DA:86,6
DA:98,6
DA:100,6
LF:15
LH:15
BRF:0
BRH:0
end_of_record
TN:
SF:/home/travis/build/edx/paragon/src/CheckBox/README.md
FNF:0
FNH:0
DA:1,1
LF:1
LH:1
BRF:0
BRH:0
end_of_record
TN:
SF:/home/travis/build/edx/paragon/src/CheckBox/index.jsx
FN:7,(anonymous_0)
FN:17,(anonymous_1)
FN:25,(anonymous_2)
FN:32,(anonymous_3)
FN:57,(anonymous_4)
FNF:5
FNH:4
FNDA:17,(anonymous_0)
FNDA:7,(anonymous_1)
FNDA:6,(anonymous_2)
FNDA:24,(anonymous_3)
FNDA:0,(anonymous_4)
DA:8,17
DA:10,17
DA:12,17
DA:18,7
DA:19,1
DA:26,6
DA:29,6
DA:33,24
DA:35,24
DA:50,3
DA:55,3
DA:60,3
LF:12
LH:12
BRDA:13,0,0,17
BRDA:13,0,1,14
BRDA:18,1,0,1
BRDA:18,1,1,6
BRF:4
BRH:4
end_of_record
TN:
SF:/home/travis/build/edx/paragon/src/CheckBoxGroup/index.jsx
FN:8,CheckBoxGroup
FNF:1
FNH:1
FNDA:2,CheckBoxGroup
DA:9,2
DA:16,2
LF:2
LH:2
BRF:0
BRH:0
end_of_record
TN:
SF:/home/travis/build/edx/paragon/src/CssJail/index.jsx
FN:6,CssJail
FNF:1
FNH:1
FNDA:1,CssJail
DA:7,1
DA:17,1
LF:2
LH:2
BRF:0
BRH:0
end_of_record
TN:
SF:/home/travis/build/edx/paragon/src/Dropdown/README.md
FNF:0
FNH:0
DA:1,1
LF:1
LH:1
BRF:0
BRH:0
end_of_record
TN:
SF:/home/travis/build/edx/paragon/src/Dropdown/index.jsx
FN:16,(anonymous_0)
FN:20,(anonymous_1)
FN:37,(anonymous_2)
FN:45,(anonymous_3)
FN:53,(anonymous_4)
FN:57,(anonymous_5)
FN:61,(anonymous_6)
FN:68,(anonymous_7)
FN:84,(anonymous_8)
FN:92,(anonymous_9)
FN:99,(anonymous_10)
FN:100,(anonymous_11)
FN:106,(anonymous_12)
FN:116,(anonymous_13)
FN:124,(anonymous_14)
FN:137,(anonymous_15)
FNF:16
FNH:16
FNDA:24,(anonymous_0)
FNDA:19,(anonymous_1)
FNDA:34,(anonymous_2)
FNDA:34,(anonymous_3)
FNDA:23,(anonymous_4)
FNDA:11,(anonymous_5)
FNDA:5,(anonymous_6)
FNDA:10,(anonymous_7)
FNDA:4,(anonymous_8)
FNDA:24,(anonymous_9)
FNDA:53,(anonymous_10)
FNDA:159,(anonymous_11)
FNDA:261,(anonymous_12)
FNDA:53,(anonymous_13)
FNDA:87,(anonymous_14)
FNDA:19,(anonymous_15)
DA:8,2
DA:17,24
DA:21,19
DA:23,19
DA:24,19
DA:25,19
DA:26,19
DA:27,19
DA:28,19
DA:30,19
DA:31,19
DA:38,34
DA:39,23
DA:41,11
DA:46,34
DA:47,23
DA:48,11
DA:49,11
DA:54,23
DA:58,11
DA:62,5
DA:63,1
DA:65,4
DA:69,10
DA:70,10
DA:71,2
DA:72,8
DA:73,6
DA:76,2
DA:77,1
DA:85,4
DA:86,2
DA:87,2
DA:88,1
DA:93,24
DA:100,53
DA:101,159
DA:107,261
DA:117,53
DA:118,53
DA:124,87
DA:137,19
DA:155,2
DA:164,2
LF:44
LH:44
BRDA:38,0,0,23
BRDA:38,0,1,11
BRDA:46,1,0,23
BRDA:46,1,1,11
BRDA:48,2,0,11
BRDA:48,2,1,0
BRDA:62,3,0,1
BRDA:62,3,1,4
BRDA:62,4,0,5
BRDA:62,4,1,5
BRDA:62,4,2,1
BRDA:70,5,0,2
BRDA:70,5,1,8
BRDA:72,6,0,6
BRDA:72,6,1,2
BRDA:76,7,0,1
BRDA:76,7,1,1
BRDA:85,8,0,2
BRDA:85,8,1,2
BRDA:85,9,0,4
BRDA:85,9,1,3
BRDA:87,10,0,1
BRDA:87,10,1,1
BRDA:87,11,0,2
BRDA:87,11,1,1
BRF:25
BRH:24
end_of_record
TN:
SF:/home/travis/build/edx/paragon/src/Hyperlink/README.md
FNF:0
FNH:0
DA:1,1
LF:1
LH:1
BRF:0
BRH:0
end_of_record
TN:
SF:/home/travis/build/edx/paragon/src/Hyperlink/index.jsx
FN:7,Hyperlink
FN:47,(anonymous_1)
FN:57,(anonymous_2)
FN:58,(anonymous_3)
FNF:4
FNH:3
FNDA:16,Hyperlink
FNDA:0,(anonymous_1)
FNDA:9,(anonymous_2)
FNDA:9,(anonymous_3)
DA:16,16
DA:20,16
DA:21,5
DA:34,16
DA:45,3
DA:52,3
DA:57,9
DA:58,9
LF:8
LH:8
BRDA:20,0,0,5
BRDA:20,0,1,11
BRF:2
BRH:2
end_of_record
TN:
SF:/home/travis/build/edx/paragon/src/Icon/README.md
FNF:0
FNH:0
DA:1,1
LF:1
LH:1
BRF:0
BRH:0
end_of_record
TN:
SF:/home/travis/build/edx/paragon/src/Icon/index.jsx
FN:8,Icon
FNF:1
FNH:1
FNDA:45,Icon
DA:9,45
DA:25,3
DA:32,3
LF:3
LH:3
BRDA:12,0,0,44
BRDA:12,0,1,1
BRDA:16,1,0,45
BRDA:16,1,1,3
BRF:4
BRH:4
end_of_record
TN:
SF:/home/travis/build/edx/paragon/src/InputSelect/index.jsx
FN:8,(anonymous_0)
FN:21,(anonymous_1)
FN:22,(anonymous_2)
FN:25,(anonymous_3)
FN:38,(anonymous_4)
FNF:5
FNH:5
FNDA:35,(anonymous_0)
FNDA:5,(anonymous_1)
FNDA:23,(anonymous_2)
FNDA:14,(anonymous_3)
FNDA:5,(anonymous_4)
DA:9,35
DA:11,35
DA:12,15
DA:13,15
DA:16,35
DA:22,5
DA:24,23
DA:25,14
DA:26,2
DA:32,21
DA:34,23
DA:39,5
DA:40,5
DA:42,5
DA:61,1
DA:69,1
DA:71,1
LF:17
LH:17
BRDA:11,0,0,15
BRDA:11,0,1,20
BRDA:24,1,0,2
BRDA:24,1,1,21
BRF:4
BRH:4
end_of_record
TN:
SF:/home/travis/build/edx/paragon/src/InputText/index.jsx
FN:8,Text
FN:43,(anonymous_1)
FNF:2
FNH:2
FNDA:30,Text
FNDA:52,(anonymous_1)
DA:9,30
DA:30,2
DA:38,2
DA:46,2
DA:47,2
DA:49,2
LF:6
LH:6
BRDA:13,0,0,30
BRDA:13,0,1,1
BRF:2
BRH:2
end_of_record
TN:
SF:/home/travis/build/edx/paragon/src/MailtoLink/README.md
FNF:0
FNH:0
DA:1,1
LF:1
LH:1
BRF:0
BRH:0
end_of_record
TN:
SF:/home/travis/build/edx/paragon/src/MailtoLink/index.jsx
FN:9,(anonymous_0)
FN:64,(anonymous_1)
FN:65,(anonymous_2)
FNF:3
FNH:3
FNDA:9,(anonymous_0)
FNDA:9,(anonymous_1)
FNDA:9,(anonymous_2)
DA:9,2
DA:21,9
DA:23,9
DA:24,9
DA:25,9
DA:29,9
DA:40,2
DA:54,2
DA:64,9
DA:65,9
LF:10
LH:10
BRF:0
BRH:0
end_of_record
TN:
SF:/home/travis/build/edx/paragon/src/Modal/index.jsx
FN:13,(anonymous_0)
FN:28,(anonymous_1)
FN:34,(anonymous_2)
FN:40,(anonymous_3)
FN:46,(anonymous_4)
FN:50,(anonymous_5)
FN:54,(anonymous_6)
FN:74,(anonymous_7)
FN:98,(anonymous_8)
FN:103,(anonymous_9)
FN:119,(anonymous_10)
FN:120,(anonymous_11)
FN:138,(anonymous_12)
FN:153,(anonymous_13)
FNF:14
FNH:14
FNDA:28,(anonymous_0)
FNDA:28,(anonymous_1)
FNDA:5,(anonymous_2)
FNDA:10,(anonymous_3)
FNDA:37,(anonymous_4)
FNDA:37,(anonymous_5)
FNDA:3,(anonymous_6)
FNDA:3,(anonymous_7)
FNDA:5,(anonymous_8)
FNDA:5,(anonymous_9)
FNDA:38,(anonymous_10)
FNDA:9,(anonymous_11)
FNDA:38,(anonymous_12)
FNDA:38,(anonymous_13)
DA:14,28
DA:16,28
DA:17,28
DA:18,28
DA:19,28
DA:21,28
DA:23,28
DA:29,28
DA:30,19
DA:35,5
DA:36,4
DA:41,10
DA:42,2
DA:47,37
DA:51,37
DA:55,3
DA:58,3
DA:60,2
DA:66,2
DA:68,1
DA:71,3
DA:75,3
DA:77,3
DA:99,5
DA:100,5
DA:104,5
DA:105,1
DA:106,4
DA:107,3
DA:108,1
DA:109,1
DA:110,1
DA:112,2
DA:113,1
DA:114,1
DA:120,38
DA:121,9
DA:122,9
DA:124,9
DA:125,2
DA:128,9
DA:134,9
DA:139,38
DA:140,38
DA:142,38
DA:143,36
DA:146,38
DA:147,3
DA:150,38
DA:154,38
DA:155,38
DA:157,38
DA:209,2
DA:225,2
LF:54
LH:54
BRDA:29,0,0,19
BRDA:29,0,1,9
BRDA:35,1,0,4
BRDA:35,1,1,1
BRDA:41,2,0,2
BRDA:41,2,1,8
BRDA:41,3,0,10
BRDA:41,3,1,4
BRDA:58,4,0,2
BRDA:58,4,1,1
BRDA:104,5,0,1
BRDA:104,5,1,4
BRDA:106,6,0,3
BRDA:106,6,1,1
BRDA:107,7,0,1
BRDA:107,7,1,2
BRDA:108,8,0,1
BRDA:108,8,1,0
BRDA:112,9,0,1
BRDA:112,9,1,1
BRDA:124,10,0,2
BRDA:124,10,1,7
BRDA:142,11,0,36
BRDA:142,11,1,2
BRDA:146,12,0,3
BRDA:146,12,1,35
BRDA:171,13,0,2
BRDA:171,13,1,36
BRDA:172,14,0,2
BRDA:172,14,1,36
BRDA:178,15,0,38
BRDA:178,15,1,36
BRF:32
BRH:31
end_of_record
TN:
SF:/home/travis/build/edx/paragon/src/RadioButtonGroup/README.md
FNF:0
FNH:0
DA:1,1
LF:1
LH:1
BRF:0
BRH:0
end_of_record
TN:
SF:/home/travis/build/edx/paragon/src/RadioButtonGroup/index.jsx
FN:8,(anonymous_0)
FN:24,(anonymous_1)
FN:57,(anonymous_2)
FN:68,(anonymous_3)
FN:79,(anonymous_4)
FN:89,(anonymous_5)
FN:102,(anonymous_6)
FN:136,(anonymous_7)
FN:137,(anonymous_8)
FN:138,(anonymous_9)
FN:139,(anonymous_10)
FN:163,(anonymous_11)
FN:164,(anonymous_12)
FN:165,(anonymous_13)
FN:166,(anonymous_14)
FN:167,(anonymous_15)
FNF:16
FNH:7
FNDA:17,(anonymous_0)
FNDA:17,(anonymous_1)
FNDA:6,(anonymous_2)
FNDA:3,(anonymous_3)
FNDA:7,(anonymous_4)
FNDA:16,(anonymous_5)
FNDA:7,(anonymous_6)
FNDA:0,(anonymous_7)
FNDA:0,(anonymous_8)
FNDA:0,(anonymous_9)
FNDA:0,(anonymous_10)
FNDA:0,(anonymous_11)
FNDA:0,(anonymous_12)
FNDA:0,(anonymous_13)
FNDA:0,(anonymous_14)
FNDA:0,(anonymous_15)
DA:9,17
DA:16,17
DA:18,17
DA:19,17
DA:20,17
DA:21,17
DA:32,17
DA:34,17
DA:58,6
DA:60,6
DA:61,6
DA:63,6
DA:69,3
DA:70,1
DA:75,3
DA:87,7
DA:89,7
DA:90,16
DA:114,7
DA:116,7
DA:131,2
DA:142,2
DA:162,2
DA:171,2
LF:24
LH:24
BRDA:69,0,0,1
BRDA:69,0,1,2
BRDA:69,1,0,3
BRDA:69,1,1,1
BRF:4
BRH:4
end_of_record
TN:
SF:/home/travis/build/edx/paragon/src/StatusAlert/index.jsx
FN:10,(anonymous_0)
FN:22,(anonymous_1)
FN:28,(anonymous_2)
FN:34,(anonymous_3)
FN:40,(anonymous_4)
FN:44,(anonymous_5)
FN:49,(anonymous_6)
FN:56,(anonymous_7)
FN:66,(anonymous_8)
FN:72,(anonymous_9)
FN:81,(anonymous_10)
FN:114,(anonymous_11)
FNF:12
FNH:12
FNDA:22,(anonymous_0)
FNDA:22,(anonymous_1)
FNDA:2,(anonymous_2)
FNDA:6,(anonymous_3)
FNDA:1,(anonymous_4)
FNDA:4,(anonymous_5)
FNDA:4,(anonymous_6)
FNDA:28,(anonymous_7)
FNDA:28,(anonymous_8)
FNDA:28,(anonymous_9)
FNDA:28,(anonymous_10)
FNDA:38,(anonymous_11)
DA:11,22
DA:13,22
DA:14,22
DA:15,22
DA:17,22
DA:23,22
DA:24,12
DA:29,2
DA:30,1
DA:35,6
DA:36,1
DA:41,1
DA:45,4
DA:46,4
DA:50,4
DA:51,2
DA:52,2
DA:57,28
DA:59,28
DA:67,28
DA:69,28
DA:72,28
DA:82,28
DA:84,28
DA:107,2
DA:114,38
DA:118,2
LF:27
LH:27
BRDA:23,0,0,12
BRDA:23,0,1,10
BRDA:29,1,0,1
BRDA:29,1,1,1
BRDA:35,2,0,1
BRDA:35,2,1,5
BRDA:35,3,0,6
BRDA:35,3,1,2
BRDA:35,3,2,1
BRDA:50,4,0,2
BRDA:50,4,1,2
BRDA:50,5,0,4
BRDA:50,5,1,3
BRDA:69,6,0,26
BRDA:69,6,1,2
BRF:15
BRH:15
end_of_record
TN:
SF:/home/travis/build/edx/paragon/src/Table/index.jsx
FN:11,(anonymous_0)
FN:22,(anonymous_1)
FN:34,(anonymous_2)
FN:38,(anonymous_3)
FN:44,(anonymous_4)
FN:56,(anonymous_5)
FN:57,(anonymous_6)
FN:65,(anonymous_7)
FN:80,(anonymous_8)
FN:91,(anonymous_9)
FN:95,(anonymous_10)
FN:100,(anonymous_11)
FN:117,(anonymous_12)
FN:120,(anonymous_13)
FN:122,(anonymous_14)
FN:136,(anonymous_15)
FN:140,(anonymous_16)
FN:164,(anonymous_17)
FN:165,(anonymous_18)
FN:167,(anonymous_19)
FN:173,(anonymous_20)
FN:175,(anonymous_21)
FN:182,(anonymous_22)
FNF:23
FNH:23
FNDA:16,(anonymous_0)
FNDA:10,(anonymous_1)
FNDA:14,(anonymous_2)
FNDA:26,(anonymous_3)
FNDA:33,(anonymous_4)
FNDA:33,(anonymous_5)
FNDA:66,(anonymous_6)
FNDA:98,(anonymous_7)
FNDA:10,(anonymous_8)
FNDA:26,(anonymous_9)
FNDA:1,(anonymous_10)
FNDA:98,(anonymous_11)
FNDA:26,(anonymous_12)
FNDA:96,(anonymous_13)
FNDA:348,(anonymous_14)
FNDA:26,(anonymous_15)
FNDA:2,(anonymous_16)
FNDA:82,(anonymous_17)
FNDA:82,(anonymous_18)
FNDA:82,(anonymous_19)
FNDA:22,(anonymous_20)
FNDA:22,(anonymous_21)
FNDA:22,(anonymous_22)
DA:12,16
DA:14,16
DA:19,16
DA:23,10
DA:25,10
DA:26,6
DA:29,10
DA:34,14
DA:35,10
DA:39,26
DA:47,33
DA:48,17
DA:50,16
DA:53,33
DA:57,66
DA:59,33
DA:67,98
DA:68,33
DA:80,10
DA:82,65
DA:83,23
DA:85,42
DA:88,98
DA:92,26
DA:95,1
DA:101,98
DA:118,26
DA:121,96
DA:123,348
DA:137,26
DA:140,2
DA:151,2
DA:164,82
DA:165,82
DA:167,82
DA:173,22
DA:175,22
DA:182,22
DA:186,2
LF:39
LH:39
BRDA:15,0,0,7
BRDA:15,0,1,9
BRDA:16,1,0,7
BRDA:16,1,1,9
BRDA:25,2,0,6
BRDA:25,2,1,4
BRDA:26,3,0,4
BRDA:26,3,1,2
BRDA:39,4,0,26
BRDA:39,4,1,6
BRDA:47,5,0,17
BRDA:47,5,1,16
BRDA:67,6,0,33
BRDA:67,6,1,65
BRDA:67,7,0,98
BRDA:67,7,1,67
BRDA:78,8,0,17
BRDA:78,8,1,16
BRDA:82,9,0,23
BRDA:82,9,1,42
BRDA:103,10,0,98
BRDA:103,10,1,67
BRDA:104,11,0,7
BRDA:104,11,1,91
BRDA:125,12,0,30
BRDA:125,12,1,318
BRF:26
BRH:26
end_of_record
TN:
SF:/home/travis/build/edx/paragon/src/Tabs/index.jsx
FN:14,(anonymous_0)
FN:24,(anonymous_1)
FN:32,(anonymous_2)
FN:36,(anonymous_3)
FN:40,(anonymous_4)
FN:41,(anonymous_5)
FN:58,(anonymous_6)
FN:69,(anonymous_7)
FN:70,(anonymous_8)
FN:92,(anonymous_9)
FNF:10
FNH:10
FNDA:3,(anonymous_0)
FNDA:3,(anonymous_1)
FNDA:30,(anonymous_2)
FNDA:30,(anonymous_3)
FNDA:5,(anonymous_4)
FNDA:15,(anonymous_5)
FNDA:3,(anonymous_6)
FNDA:5,(anonymous_7)
FNDA:15,(anonymous_8)
FNDA:5,(anonymous_9)
DA:15,3
DA:17,3
DA:18,3
DA:25,3
DA:26,2
DA:33,30
DA:37,30
DA:41,5
DA:42,15
DA:43,15
DA:45,15
DA:58,3
DA:70,5
DA:71,15
DA:72,15
DA:74,15
DA:93,5
DA:94,5
DA:96,5
DA:116,2
LF:20
LH:20
BRDA:25,0,0,2
BRDA:25,0,1,1
BRDA:60,1,0,5
BRDA:60,1,1,10
BRF:4
BRH:4
end_of_record
TN:
SF:/home/travis/build/edx/paragon/src/TextArea/index.jsx
FN:6,Text
FNF:1
FNH:1
FNDA:4,Text
DA:7,4
DA:26,1
DA:28,1
LF:3
LH:3
BRF:0
BRH:0
end_of_record
TN:
SF:/home/travis/build/edx/paragon/src/asInput/index.jsx
FN:10,(anonymous_0)
FN:38,(anonymous_1)
FN:39,(anonymous_2)
FN:56,(anonymous_3)
FN:58,(anonymous_4)
FN:80,(anonymous_5)
FN:106,(anonymous_6)
FN:164,(anonymous_7)
FN:179,(anonymous_8)
FN:183,(anonymous_9)
FN:192,(anonymous_10)
FN:201,(anonymous_11)
FN:209,(anonymous_12)
FN:231,(anonymous_13)
FNF:14
FNH:14
FNDA:11,(anonymous_0)
FNDA:4,(anonymous_1)
FNDA:6,(anonymous_2)
FNDA:8,(anonymous_3)
FNDA:79,(anonymous_4)
FNDA:13,(anonymous_5)
FNDA:105,(anonymous_6)
FNDA:105,(anonymous_7)
FNDA:116,(anonymous_8)
FNDA:630,(anonymous_9)
FNDA:7,(anonymous_10)
FNDA:7,(anonymous_11)
FNDA:105,(anonymous_12)
FNDA:105,(anonymous_13)
DA:10,5
DA:11,11
DA:13,5
DA:37,5
DA:56,5
DA:59,79
DA:60,79
DA:61,79
DA:62,79
DA:64,79
DA:65,79
DA:66,79
DA:67,79
DA:68,79
DA:81,13
DA:82,13
DA:83,1
DA:85,13
DA:86,2
DA:88,13
DA:89,2
DA:91,13
DA:93,1
DA:96,13
DA:97,1
DA:98,1
DA:99,1
DA:101,13
DA:102,7
DA:108,105
DA:109,105
DA:110,105
DA:112,105
DA:114,105
DA:150,105
DA:152,105
DA:153,45
DA:158,45
DA:161,105
DA:165,105
DA:180,116
DA:184,630
DA:186,144
DA:188,486
DA:193,7
DA:195,7
DA:196,6
DA:198,7
DA:202,7
DA:203,7
DA:210,105
DA:212,105
DA:232,105
DA:233,105
DA:260,8
DA:262,8
DA:264,8
DA:266,8
LF:58
LH:58
BRDA:11,0,0,11
BRDA:11,0,1,10
BRDA:11,0,2,1
BRDA:56,1,0,5
BRDA:56,2,0,5
BRDA:64,3,0,78
BRDA:64,3,1,1
BRDA:65,4,0,11
BRDA:65,4,1,68
BRDA:66,5,0,11
BRDA:66,5,1,68
BRDA:67,6,0,11
BRDA:67,6,1,68
BRDA:82,7,0,1
BRDA:82,7,1,12
BRDA:85,8,0,2
BRDA:85,8,1,11
BRDA:85,9,0,13
BRDA:85,9,1,3
BRDA:88,10,0,2
BRDA:88,10,1,11
BRDA:88,11,0,13
BRDA:88,11,1,3
BRDA:91,12,0,1
BRDA:91,12,1,12
BRDA:91,13,0,13
BRDA:91,13,1,2
BRDA:96,14,0,1
BRDA:96,14,1,12
BRDA:96,15,0,13
BRDA:96,15,1,1
BRDA:101,16,0,7
BRDA:101,16,1,6
BRDA:124,17,0,94
BRDA:124,17,1,11
BRDA:127,18,0,11
BRDA:127,18,1,4
BRDA:152,19,0,45
BRDA:152,19,1,60
BRDA:184,20,0,144
BRDA:184,20,1,486
BRDA:195,21,0,6
BRDA:195,21,1,1
BRDA:204,22,0,6
BRDA:204,22,1,1
BRDA:220,23,0,105
BRDA:220,23,1,11
BRDA:236,24,0,105
BRDA:236,24,1,81
BRDA:240,25,0,105
BRDA:240,25,1,81
BRDA:241,26,0,8
BRDA:241,26,1,97
BRDA:241,27,0,105
BRDA:241,27,1,101
BRDA:252,28,0,105
BRDA:252,28,1,24
BRF:57
BRH:57
end_of_record
TN:
SF:/home/travis/build/edx/paragon/src/utils/constants.js
FNF:0
FNH:0
DA:1,2
LF:1
LH:1
BRF:0
BRH:0
end_of_record
TN:
SF:/home/travis/build/edx/paragon/src/utils/newId.js
FN:3,(anonymous_0)
FNF:1
FNH:1
FNDA:47,(anonymous_0)
DA:1,9
DA:3,9
DA:4,47
DA:5,47
LF:4
LH:4
BRDA:3,0,0,29
BRF:1
BRH:1
end_of_record
